<?xml version="1.0" encoding="UTF-8"?>
<robot generator="Robot 7.3.2 (Python 3.12.3 on linux)" generated="2025-11-17T15:32:50.031248" rpa="false" schemaversion="5">
<suite id="s1" name="Tests" source="/home/lljtoiva/ohtu-palautukset/viikko3/login/src/tests">
<suite id="s1-s1" name="Home" source="/home/lljtoiva/ohtu-palautukset/viikko3/login/src/tests/home.robot">
<kw name="Open And Configure Browser" owner="resource" type="SETUP">
<if>
<branch type="IF" condition="$BROWSER == 'chrome'">
<kw name="Evaluate" owner="BuiltIn">
<msg time="2025-11-17T15:32:50.198572" level="INFO">${options} = &lt;selenium.webdriver.chrome.options.Options object at 0x7a685811ecc0&gt;</msg>
<var>${options}</var>
<arg>sys.modules['selenium.webdriver'].ChromeOptions()</arg>
<arg>sys</arg>
<doc>Evaluates the given expression in Python and returns the result.</doc>
<status status="PASS" start="2025-11-17T15:32:50.198198" elapsed="0.000423"/>
</kw>
<kw name="Call Method" owner="BuiltIn">
<arg>${options}</arg>
<arg>add_argument</arg>
<arg>--incognito</arg>
<doc>Calls the named method of the given object with the provided arguments.</doc>
<status status="PASS" start="2025-11-17T15:32:50.198796" elapsed="0.000275"/>
</kw>
<status status="PASS" start="2025-11-17T15:32:50.197474" elapsed="0.001667"/>
</branch>
<branch type="ELSE IF" condition="$BROWSER == 'firefox'">
<kw name="Evaluate" owner="BuiltIn">
<var>${options}</var>
<arg>sys.modules['selenium.webdriver'].FirefoxOptions()</arg>
<arg>sys</arg>
<doc>Evaluates the given expression in Python and returns the result.</doc>
<status status="NOT RUN" start="2025-11-17T15:32:50.199329" elapsed="0.000032"/>
</kw>
<kw name="Call Method" owner="BuiltIn">
<arg>${options}</arg>
<arg>add_argument</arg>
<arg>--private-window</arg>
<doc>Calls the named method of the given object with the provided arguments.</doc>
<status status="NOT RUN" start="2025-11-17T15:32:50.199475" elapsed="0.000034"/>
</kw>
<status status="NOT RUN" start="2025-11-17T15:32:50.199198" elapsed="0.000355"/>
</branch>
<status status="PASS" start="2025-11-17T15:32:50.197432" elapsed="0.002163"/>
</if>
<if>
<branch type="IF" condition="$HEADLESS == 'true'">
<kw name="Set Selenium Speed" owner="SeleniumLibrary">
<arg>0.05 seconds</arg>
<doc>Sets the delay that is waited after each Selenium command.</doc>
<status status="NOT RUN" start="2025-11-17T15:32:50.199910" elapsed="0.000048"/>
</kw>
<kw name="Call Method" owner="BuiltIn">
<arg>${options}</arg>
<arg>add_argument</arg>
<arg>--headless</arg>
<doc>Calls the named method of the given object with the provided arguments.</doc>
<status status="NOT RUN" start="2025-11-17T15:32:50.200057" elapsed="0.000266"/>
</kw>
<status status="NOT RUN" start="2025-11-17T15:32:50.199668" elapsed="0.000708"/>
</branch>
<branch type="ELSE">
<kw name="Set Selenium Speed" owner="SeleniumLibrary">
<arg>${DELAY}</arg>
<doc>Sets the delay that is waited after each Selenium command.</doc>
<status status="PASS" start="2025-11-17T15:32:50.200532" elapsed="0.000338"/>
</kw>
<status status="PASS" start="2025-11-17T15:32:50.200417" elapsed="0.000526"/>
</branch>
<status status="PASS" start="2025-11-17T15:32:50.199648" elapsed="0.001347"/>
</if>
<kw name="Open Browser" owner="SeleniumLibrary">
<msg time="2025-11-17T15:32:50.201563" level="INFO">Opening browser 'chrome' to base url 'None'.</msg>
<arg>browser=${BROWSER}</arg>
<arg>options=${options}</arg>
<doc>Opens a new browser instance to the optional ``url``.</doc>
<status status="PASS" start="2025-11-17T15:32:50.201207" elapsed="0.638966"/>
</kw>
<status status="PASS" start="2025-11-17T15:32:50.197213" elapsed="0.643185"/>
</kw>
<test id="s1-s1-t1" name="Click Login Link" line="8">
<kw name="Reset Application And Go To Starting Page" type="SETUP">
<kw name="Reset Application" owner="AppLibrary">
<status status="PASS" start="2025-11-17T15:32:50.842189" elapsed="0.005868"/>
</kw>
<kw name="Go To Starting Page" owner="resource">
<kw name="Go To" owner="SeleniumLibrary">
<msg time="2025-11-17T15:32:50.849527" level="INFO">Opening url 'http://localhost:5001'</msg>
<arg>${HOME_URL}</arg>
<doc>Navigates the current browser window to the provided ``url``.</doc>
<status status="PASS" start="2025-11-17T15:32:50.849242" elapsed="0.567219"/>
</kw>
<status status="PASS" start="2025-11-17T15:32:50.848628" elapsed="0.568231"/>
</kw>
<status status="PASS" start="2025-11-17T15:32:50.841456" elapsed="0.575605"/>
</kw>
<kw name="Click Link" owner="SeleniumLibrary">
<msg time="2025-11-17T15:32:51.418462" level="INFO">Clicking link 'Login'.</msg>
<arg>Login</arg>
<doc>Clicks a link identified by ``locator``.</doc>
<status status="PASS" start="2025-11-17T15:32:51.417595" elapsed="1.660889"/>
</kw>
<kw name="Login Page Should Be Open" owner="resource">
<kw name="Title Should Be" owner="SeleniumLibrary">
<msg time="2025-11-17T15:32:53.593629" level="INFO">Page title is 'Login'.</msg>
<arg>Login</arg>
<doc>Verifies that the current page title equals ``title``.</doc>
<status status="PASS" start="2025-11-17T15:32:53.080916" elapsed="0.513153"/>
</kw>
<status status="PASS" start="2025-11-17T15:32:53.079898" elapsed="0.514590"/>
</kw>
<status status="PASS" start="2025-11-17T15:32:50.840551" elapsed="2.754488"/>
</test>
<test id="s1-s1-t2" name="Click Register Link" line="12">
<kw name="Reset Application And Go To Starting Page" type="SETUP">
<kw name="Reset Application" owner="AppLibrary">
<status status="PASS" start="2025-11-17T15:32:53.597528" elapsed="0.006467"/>
</kw>
<kw name="Go To Starting Page" owner="resource">
<kw name="Go To" owner="SeleniumLibrary">
<msg time="2025-11-17T15:32:53.605613" level="INFO">Opening url 'http://localhost:5001'</msg>
<arg>${HOME_URL}</arg>
<doc>Navigates the current browser window to the provided ``url``.</doc>
<status status="PASS" start="2025-11-17T15:32:53.605313" elapsed="0.535059"/>
</kw>
<status status="PASS" start="2025-11-17T15:32:53.604680" elapsed="0.536149"/>
</kw>
<status status="PASS" start="2025-11-17T15:32:53.596851" elapsed="0.544218"/>
</kw>
<kw name="Click Link" owner="SeleniumLibrary">
<msg time="2025-11-17T15:32:54.142518" level="INFO">Clicking link 'Register new user'.</msg>
<arg>Register new user</arg>
<doc>Clicks a link identified by ``locator``.</doc>
<status status="PASS" start="2025-11-17T15:32:54.141781" elapsed="1.642594"/>
</kw>
<kw name="Register Page Should Be Open" owner="resource">
<kw name="Title Should Be" owner="SeleniumLibrary">
<msg time="2025-11-17T15:32:56.295892" level="INFO">Page title is 'Register'.</msg>
<arg>Register</arg>
<doc>Verifies that the current page title equals ``title``.</doc>
<status status="PASS" start="2025-11-17T15:32:55.785953" elapsed="0.510374"/>
</kw>
<status status="PASS" start="2025-11-17T15:32:55.785198" elapsed="0.511426"/>
</kw>
<status status="PASS" start="2025-11-17T15:32:53.595865" elapsed="2.701418"/>
</test>
<kw name="Close Browser" owner="SeleniumLibrary" type="TEARDOWN">
<doc>Closes the current browser.</doc>
<status status="PASS" start="2025-11-17T15:32:56.298892" elapsed="0.595436"/>
</kw>
<status status="PASS" start="2025-11-17T15:32:50.055686" elapsed="6.838759"/>
</suite>
<suite id="s1-s2" name="Login" source="/home/lljtoiva/ohtu-palautukset/viikko3/login/src/tests/login.robot">
<kw name="Open And Configure Browser" owner="resource" type="SETUP">
<if>
<branch type="IF" condition="$BROWSER == 'chrome'">
<kw name="Evaluate" owner="BuiltIn">
<msg time="2025-11-17T15:32:56.900951" level="INFO">${options} = &lt;selenium.webdriver.chrome.options.Options object at 0x7a6857e51880&gt;</msg>
<var>${options}</var>
<arg>sys.modules['selenium.webdriver'].ChromeOptions()</arg>
<arg>sys</arg>
<doc>Evaluates the given expression in Python and returns the result.</doc>
<status status="PASS" start="2025-11-17T15:32:56.900428" elapsed="0.000604"/>
</kw>
<kw name="Call Method" owner="BuiltIn">
<arg>${options}</arg>
<arg>add_argument</arg>
<arg>--incognito</arg>
<doc>Calls the named method of the given object with the provided arguments.</doc>
<status status="PASS" start="2025-11-17T15:32:56.901233" elapsed="0.000193"/>
</kw>
<status status="PASS" start="2025-11-17T15:32:56.900079" elapsed="0.001413"/>
</branch>
<branch type="ELSE IF" condition="$BROWSER == 'firefox'">
<kw name="Evaluate" owner="BuiltIn">
<var>${options}</var>
<arg>sys.modules['selenium.webdriver'].FirefoxOptions()</arg>
<arg>sys</arg>
<doc>Evaluates the given expression in Python and returns the result.</doc>
<status status="NOT RUN" start="2025-11-17T15:32:56.901791" elapsed="0.000037"/>
</kw>
<kw name="Call Method" owner="BuiltIn">
<arg>${options}</arg>
<arg>add_argument</arg>
<arg>--private-window</arg>
<doc>Calls the named method of the given object with the provided arguments.</doc>
<status status="NOT RUN" start="2025-11-17T15:32:56.901964" elapsed="0.000040"/>
</kw>
<status status="NOT RUN" start="2025-11-17T15:32:56.901551" elapsed="0.000507"/>
</branch>
<status status="PASS" start="2025-11-17T15:32:56.900044" elapsed="0.002065"/>
</if>
<if>
<branch type="IF" condition="$HEADLESS == 'true'">
<kw name="Set Selenium Speed" owner="SeleniumLibrary">
<arg>0.05 seconds</arg>
<doc>Sets the delay that is waited after each Selenium command.</doc>
<status status="NOT RUN" start="2025-11-17T15:32:56.902471" elapsed="0.000036"/>
</kw>
<kw name="Call Method" owner="BuiltIn">
<arg>${options}</arg>
<arg>add_argument</arg>
<arg>--headless</arg>
<doc>Calls the named method of the given object with the provided arguments.</doc>
<status status="NOT RUN" start="2025-11-17T15:32:56.902617" elapsed="0.000030"/>
</kw>
<status status="NOT RUN" start="2025-11-17T15:32:56.902189" elapsed="0.000505"/>
</branch>
<branch type="ELSE">
<kw name="Set Selenium Speed" owner="SeleniumLibrary">
<arg>${DELAY}</arg>
<doc>Sets the delay that is waited after each Selenium command.</doc>
<status status="PASS" start="2025-11-17T15:32:56.902847" elapsed="0.000471"/>
</kw>
<status status="PASS" start="2025-11-17T15:32:56.902737" elapsed="0.000745"/>
</branch>
<status status="PASS" start="2025-11-17T15:32:56.902168" elapsed="0.001386"/>
</if>
<kw name="Open Browser" owner="SeleniumLibrary">
<msg time="2025-11-17T15:32:56.904176" level="INFO">Opening browser 'chrome' to base url 'None'.</msg>
<arg>browser=${BROWSER}</arg>
<arg>options=${options}</arg>
<doc>Opens a new browser instance to the optional ``url``.</doc>
<status status="PASS" start="2025-11-17T15:32:56.903754" elapsed="0.616847"/>
</kw>
<status status="PASS" start="2025-11-17T15:32:56.899806" elapsed="0.621005"/>
</kw>
<test id="s1-s2-t1" name="Login With Correct Credentials" line="8">
<kw name="Reset Application Create User And Go To Login Page" type="SETUP">
<kw name="Reset Application" owner="AppLibrary">
<status status="PASS" start="2025-11-17T15:32:57.522060" elapsed="0.003584"/>
</kw>
<kw name="Create User" owner="AppLibrary">
<arg>kalle</arg>
<arg>kalle123</arg>
<status status="PASS" start="2025-11-17T15:32:57.525983" elapsed="0.008836"/>
</kw>
<kw name="Go To Login Page" owner="resource">
<kw name="Go To" owner="SeleniumLibrary">
<msg time="2025-11-17T15:32:57.536258" level="INFO">Opening url 'http://localhost:5001/login'</msg>
<arg>${LOGIN_URL}</arg>
<doc>Navigates the current browser window to the provided ``url``.</doc>
<status status="PASS" start="2025-11-17T15:32:57.535961" elapsed="0.570569"/>
</kw>
<status status="PASS" start="2025-11-17T15:32:57.535258" elapsed="0.571515"/>
</kw>
<status status="PASS" start="2025-11-17T15:32:57.521684" elapsed="0.585216"/>
</kw>
<kw name="Set Username">
<kw name="Input Text" owner="SeleniumLibrary">
<msg time="2025-11-17T15:32:58.108362" level="INFO">Typing text 'kalle' into text field 'username'.</msg>
<arg>username</arg>
<arg>${username}</arg>
<doc>Types the given ``text`` into the text field identified by ``locator``.</doc>
<status status="PASS" start="2025-11-17T15:32:58.107983" elapsed="1.657323"/>
</kw>
<arg>kalle</arg>
<status status="PASS" start="2025-11-17T15:32:58.107393" elapsed="1.658390"/>
</kw>
<kw name="Set Password">
<kw name="Input Password" owner="SeleniumLibrary">
<msg time="2025-11-17T15:32:59.769011" level="INFO">Typing password into text field 'password'.</msg>
<msg time="2025-11-17T15:33:00.828624" level="INFO">Temporally setting log level to: NONE</msg>
<arg>password</arg>
<arg>${password}</arg>
<doc>Types the given password into the text field identified by ``locator``.</doc>
<status status="PASS" start="2025-11-17T15:32:59.768034" elapsed="1.637931"/>
</kw>
<arg>kalle123</arg>
<status status="PASS" start="2025-11-17T15:32:59.766667" elapsed="1.639770"/>
</kw>
<kw name="Click Button" owner="SeleniumLibrary">
<msg time="2025-11-17T15:33:01.407745" level="INFO">Clicking button 'Login'.</msg>
<arg>Login</arg>
<doc>Clicks the button identified by ``locator``.</doc>
<status status="PASS" start="2025-11-17T15:33:01.407064" elapsed="2.153812"/>
</kw>
<kw name="Login Should Succeed">
<kw name="Main Page Should Be Open" owner="resource">
<kw name="Title Should Be" owner="SeleniumLibrary">
<msg time="2025-11-17T15:33:04.078083" level="INFO">Page title is 'Ohtu Application main page'.</msg>
<arg>Ohtu Application main page</arg>
<doc>Verifies that the current page title equals ``title``.</doc>
<status status="PASS" start="2025-11-17T15:33:03.563912" elapsed="0.514533"/>
</kw>
<status status="PASS" start="2025-11-17T15:33:03.563199" elapsed="0.515557"/>
</kw>
<status status="PASS" start="2025-11-17T15:33:03.562123" elapsed="0.516903"/>
</kw>
<status status="PASS" start="2025-11-17T15:32:57.521009" elapsed="6.558893"/>
</test>
<test id="s1-s2-t2" name="Login With Incorrect Password" line="14">
<kw name="Reset Application Create User And Go To Login Page" type="SETUP">
<kw name="Reset Application" owner="AppLibrary">
<status status="PASS" start="2025-11-17T15:33:04.081990" elapsed="0.005121"/>
</kw>
<kw name="Create User" owner="AppLibrary">
<arg>kalle</arg>
<arg>kalle123</arg>
<status status="PASS" start="2025-11-17T15:33:04.087539" elapsed="0.008699"/>
</kw>
<kw name="Go To Login Page" owner="resource">
<kw name="Go To" owner="SeleniumLibrary">
<msg time="2025-11-17T15:33:04.097458" level="INFO">Opening url 'http://localhost:5001/login'</msg>
<arg>${LOGIN_URL}</arg>
<doc>Navigates the current browser window to the provided ``url``.</doc>
<status status="PASS" start="2025-11-17T15:33:04.097192" elapsed="0.530471"/>
</kw>
<status status="PASS" start="2025-11-17T15:33:04.096669" elapsed="0.531423"/>
</kw>
<status status="PASS" start="2025-11-17T15:33:04.081405" elapsed="0.546871"/>
</kw>
<kw name="Set Username">
<kw name="Input Text" owner="SeleniumLibrary">
<msg time="2025-11-17T15:33:04.630262" level="INFO">Typing text 'kalle' into text field 'username'.</msg>
<arg>username</arg>
<arg>${username}</arg>
<doc>Types the given ``text`` into the text field identified by ``locator``.</doc>
<status status="PASS" start="2025-11-17T15:33:04.629709" elapsed="1.614045"/>
</kw>
<arg>kalle</arg>
<status status="PASS" start="2025-11-17T15:33:04.628913" elapsed="1.615058"/>
</kw>
<kw name="Set Password">
<kw name="Input Password" owner="SeleniumLibrary">
<msg time="2025-11-17T15:33:06.245059" level="INFO">Typing password into text field 'password'.</msg>
<msg time="2025-11-17T15:33:07.294292" level="INFO">Temporally setting log level to: NONE</msg>
<arg>password</arg>
<arg>${password}</arg>
<doc>Types the given password into the text field identified by ``locator``.</doc>
<status status="PASS" start="2025-11-17T15:33:06.244763" elapsed="1.615448"/>
</kw>
<arg>kalle456</arg>
<status status="PASS" start="2025-11-17T15:33:06.244332" elapsed="1.616257"/>
</kw>
<kw name="Click Button" owner="SeleniumLibrary">
<msg time="2025-11-17T15:33:07.861808" level="INFO">Clicking button 'Login'.</msg>
<arg>Login</arg>
<doc>Clicks the button identified by ``locator``.</doc>
<status status="PASS" start="2025-11-17T15:33:07.861186" elapsed="2.107295"/>
</kw>
<kw name="Login Should Fail With Message">
<kw name="Login Page Should Be Open" owner="resource">
<kw name="Title Should Be" owner="SeleniumLibrary">
<msg time="2025-11-17T15:33:10.479133" level="INFO">Page title is 'Login'.</msg>
<arg>Login</arg>
<doc>Verifies that the current page title equals ``title``.</doc>
<status status="PASS" start="2025-11-17T15:33:09.971146" elapsed="0.508265"/>
</kw>
<status status="PASS" start="2025-11-17T15:33:09.970603" elapsed="0.509053"/>
</kw>
<kw name="Page Should Contain" owner="SeleniumLibrary">
<msg time="2025-11-17T15:33:11.510009" level="INFO">Current page contains text 'Invalid username or password'.</msg>
<arg>${message}</arg>
<doc>Verifies that current page contains ``text``.</doc>
<status status="PASS" start="2025-11-17T15:33:10.480161" elapsed="1.030706"/>
</kw>
<arg>Invalid username or password</arg>
<status status="PASS" start="2025-11-17T15:33:09.969536" elapsed="1.541776"/>
</kw>
<status status="PASS" start="2025-11-17T15:33:04.080622" elapsed="7.431350"/>
</test>
<test id="s1-s2-t3" name="Login With Nonexistent Username" line="20">
<kw name="Reset Application Create User And Go To Login Page" type="SETUP">
<kw name="Reset Application" owner="AppLibrary">
<status status="PASS" start="2025-11-17T15:33:11.514402" elapsed="0.005843"/>
</kw>
<kw name="Create User" owner="AppLibrary">
<arg>kalle</arg>
<arg>kalle123</arg>
<status status="PASS" start="2025-11-17T15:33:11.520614" elapsed="0.006915"/>
</kw>
<kw name="Go To Login Page" owner="resource">
<kw name="Go To" owner="SeleniumLibrary">
<msg time="2025-11-17T15:33:11.528381" level="INFO">Opening url 'http://localhost:5001/login'</msg>
<arg>${LOGIN_URL}</arg>
<doc>Navigates the current browser window to the provided ``url``.</doc>
<status status="PASS" start="2025-11-17T15:33:11.528174" elapsed="0.525407"/>
</kw>
<status status="PASS" start="2025-11-17T15:33:11.527798" elapsed="0.526159"/>
</kw>
<status status="PASS" start="2025-11-17T15:33:11.513705" elapsed="0.540414"/>
</kw>
<kw name="Set Username">
<kw name="Input Text" owner="SeleniumLibrary">
<msg time="2025-11-17T15:33:12.055937" level="INFO">Typing text 'kalde' into text field 'username'.</msg>
<arg>username</arg>
<arg>${username}</arg>
<doc>Types the given ``text`` into the text field identified by ``locator``.</doc>
<status status="PASS" start="2025-11-17T15:33:12.055441" elapsed="1.627371"/>
</kw>
<arg>kalde</arg>
<status status="PASS" start="2025-11-17T15:33:12.054702" elapsed="1.628429"/>
</kw>
<kw name="Set Password">
<kw name="Input Password" owner="SeleniumLibrary">
<msg time="2025-11-17T15:33:13.684522" level="INFO">Typing password into text field 'password'.</msg>
<msg time="2025-11-17T15:33:14.729524" level="INFO">Temporally setting log level to: NONE</msg>
<arg>password</arg>
<arg>${password}</arg>
<doc>Types the given password into the text field identified by ``locator``.</doc>
<status status="PASS" start="2025-11-17T15:33:13.684161" elapsed="1.602205"/>
</kw>
<arg>kalle123</arg>
<status status="PASS" start="2025-11-17T15:33:13.683574" elapsed="1.603060"/>
</kw>
<kw name="Click Button" owner="SeleniumLibrary">
<msg time="2025-11-17T15:33:15.287459" level="INFO">Clicking button 'Login'.</msg>
<arg>Login</arg>
<doc>Clicks the button identified by ``locator``.</doc>
<status status="PASS" start="2025-11-17T15:33:15.287066" elapsed="2.118778"/>
</kw>
<kw name="Login Should Fail With Message">
<kw name="Login Page Should Be Open" owner="resource">
<kw name="Title Should Be" owner="SeleniumLibrary">
<msg time="2025-11-17T15:33:17.917367" level="INFO">Page title is 'Login'.</msg>
<arg>Login</arg>
<doc>Verifies that the current page title equals ``title``.</doc>
<status status="PASS" start="2025-11-17T15:33:17.408753" elapsed="0.508995"/>
</kw>
<status status="PASS" start="2025-11-17T15:33:17.408125" elapsed="0.510030"/>
</kw>
<kw name="Page Should Contain" owner="SeleniumLibrary">
<msg time="2025-11-17T15:33:18.943026" level="INFO">Current page contains text 'Invalid username or password'.</msg>
<arg>${message}</arg>
<doc>Verifies that current page contains ``text``.</doc>
<status status="PASS" start="2025-11-17T15:33:17.918595" elapsed="1.024959"/>
</kw>
<arg>Invalid username or password</arg>
<status status="PASS" start="2025-11-17T15:33:17.406873" elapsed="1.537012"/>
</kw>
<status status="PASS" start="2025-11-17T15:33:11.512700" elapsed="7.431698"/>
</test>
<kw name="Close Browser" owner="SeleniumLibrary" type="TEARDOWN">
<doc>Closes the current browser.</doc>
<status status="PASS" start="2025-11-17T15:33:18.945463" elapsed="0.561304"/>
</kw>
<status status="PASS" start="2025-11-17T15:32:56.895177" elapsed="22.611808"/>
</suite>
<status status="PASS" start="2025-11-17T15:32:50.032533" elapsed="29.476003"/>
</suite>
<statistics>
<total>
<stat pass="5" fail="0" skip="0">All Tests</stat>
</total>
<tag>
</tag>
<suite>
<stat name="Tests" id="s1" pass="5" fail="0" skip="0">Tests</stat>
<stat name="Home" id="s1-s1" pass="2" fail="0" skip="0">Tests.Home</stat>
<stat name="Login" id="s1-s2" pass="3" fail="0" skip="0">Tests.Login</stat>
</suite>
</statistics>
<errors>
</errors>
</robot>
